<?xml version="1.0" encoding="UTF-8"?>
<testsuite xmlns:xsi="http://www.w3.org/2001/XMLSchema-instance" xsi:noNamespaceSchemaLocation="https://maven.apache.org/surefire/maven-surefire-plugin/xsd/surefire-test-report-3.0.xsd" version="3.0" name="com.mycompany.beedoojunit.BeedooJUnitTest" time="666.656" tests="1" errors="1" skipped="0" failures="0">
  <properties>
[...]
</properties>
  <testcase name="testConsolidado" classname="com.mycompany.beedoojunit.BeedooJUnitTest" time="660.41">
    <error message="target frame detached&#10;  (failed to check if window was closed: no such window: No target with given id found)&#10;  (Session info: MicrosoftEdge=119.0.2151.97)&#10;Build info: version: &apos;4.15.0&apos;, revision: &apos;1d14b5521b&apos;&#10;System info: os.name: &apos;Windows 11&apos;, os.arch: &apos;amd64&apos;, os.version: &apos;10.0&apos;, java.version: &apos;21.0.1&apos;&#10;Driver info: org.openqa.selenium.edge.EdgeDriver&#10;Command: [3a6289c0bbda120805defe22aadda3b8, findElement {using=id, value=product_23362}]&#10;Capabilities {acceptInsecureCerts: false, browserName: msedge, browserVersion: 119.0.2151.97, fedcm:accounts: true, ms:edgeOptions: {debuggerAddress: localhost:52988}, msedge: {msedgedriverVersion: 119.0.2151.97 (42f50dec8b7a..., userDataDir: C:\Users\dadan\AppData\Loca...}, networkConnectionEnabled: false, pageLoadStrategy: normal, platformName: windows, proxy: Proxy(), se:cdp: ws://localhost:52988/devtoo..., se:cdpVersion: 119.0.2151.97, setWindowRect: true, strictFileInteractability: false, timeouts: {implicit: 0, pageLoad: 300000, script: 30000}, unhandledPromptBehavior: dismiss and notify, webauthn:extension:credBlob: true, webauthn:extension:largeBlob: true, webauthn:extension:minPinLength: true, webauthn:extension:prf: true, webauthn:virtualAuthenticators: true}&#10;Session ID: 3a6289c0bbda120805defe22aadda3b8" type="org.openqa.selenium.WebDriverException"><![CDATA[org.openqa.selenium.WebDriverException: 
target frame detached
  (failed to check if window was closed: no such window: No target with given id found)
  (Session info: MicrosoftEdge=119.0.2151.97)
Build info: version: '4.15.0', revision: '1d14b5521b'
System info: os.name: 'Windows 11', os.arch: 'amd64', os.version: '10.0', java.version: '21.0.1'
Driver info: org.openqa.selenium.edge.EdgeDriver
Command: [3a6289c0bbda120805defe22aadda3b8, findElement {using=id, value=product_23362}]
Capabilities {acceptInsecureCerts: false, browserName: msedge, browserVersion: 119.0.2151.97, fedcm:accounts: true, ms:edgeOptions: {debuggerAddress: localhost:52988}, msedge: {msedgedriverVersion: 119.0.2151.97 (42f50dec8b7a..., userDataDir: C:\Users\dadan\AppData\Loca...}, networkConnectionEnabled: false, pageLoadStrategy: normal, platformName: windows, proxy: Proxy(), se:cdp: ws://localhost:52988/devtoo..., se:cdpVersion: 119.0.2151.97, setWindowRect: true, strictFileInteractability: false, timeouts: {implicit: 0, pageLoad: 300000, script: 30000}, unhandledPromptBehavior: dismiss and notify, webauthn:extension:credBlob: true, webauthn:extension:largeBlob: true, webauthn:extension:minPinLength: true, webauthn:extension:prf: true, webauthn:virtualAuthenticators: true}
Session ID: 3a6289c0bbda120805defe22aadda3b8
	at java.base/jdk.internal.reflect.DirectConstructorHandleAccessor.newInstance(DirectConstructorHandleAccessor.java:62)
	at java.base/java.lang.reflect.Constructor.newInstanceWithCaller(Constructor.java:502)
	at java.base/java.lang.reflect.Constructor.newInstance(Constructor.java:486)
	at org.openqa.selenium.remote.codec.w3c.W3CHttpResponseCodec.createException(W3CHttpResponseCodec.java:200)
	at org.openqa.selenium.remote.codec.w3c.W3CHttpResponseCodec.decode(W3CHttpResponseCodec.java:133)
	at org.openqa.selenium.remote.codec.w3c.W3CHttpResponseCodec.decode(W3CHttpResponseCodec.java:52)
	at org.openqa.selenium.remote.HttpCommandExecutor.execute(HttpCommandExecutor.java:191)
	at org.openqa.selenium.remote.service.DriverCommandExecutor.invokeExecute(DriverCommandExecutor.java:200)
	at org.openqa.selenium.remote.service.DriverCommandExecutor.execute(DriverCommandExecutor.java:175)
	at org.openqa.selenium.remote.RemoteWebDriver.execute(RemoteWebDriver.java:607)
	at org.openqa.selenium.remote.ElementLocation$ElementFinder$2.findElement(ElementLocation.java:165)
	at org.openqa.selenium.remote.ElementLocation.findElement(ElementLocation.java:59)
	at org.openqa.selenium.remote.RemoteWebDriver.findElement(RemoteWebDriver.java:364)
	at org.openqa.selenium.remote.RemoteWebDriver.findElement(RemoteWebDriver.java:358)
	at com.mycompany.beedoojunit.Controlador.existeID(Controlador.java:35)
	at com.mycompany.beedoojunit.Controlador.addCarrinho(Controlador.java:110)
	at com.mycompany.beedoojunit.BeedooJUnit.consolidado(BeedooJUnit.java:94)
	at com.mycompany.beedoojunit.BeedooJUnitTest.testConsolidado(BeedooJUnitTest.java:78)
	at java.base/jdk.internal.reflect.DirectMethodHandleAccessor.invoke(DirectMethodHandleAccessor.java:103)
	at java.base/java.lang.reflect.Method.invoke(Method.java:580)
	at org.junit.runners.model.FrameworkMethod$1.runReflectiveCall(FrameworkMethod.java:59)
	at org.junit.internal.runners.model.ReflectiveCallable.run(ReflectiveCallable.java:12)
	at org.junit.runners.model.FrameworkMethod.invokeExplosively(FrameworkMethod.java:56)
	at org.junit.internal.runners.statements.InvokeMethod.evaluate(InvokeMethod.java:17)
	at org.junit.internal.runners.statements.RunBefores.evaluate(RunBefores.java:26)
	at org.junit.internal.runners.statements.RunAfters.evaluate(RunAfters.java:27)
	at org.junit.runners.ParentRunner$3.evaluate(ParentRunner.java:306)
	at org.junit.runners.BlockJUnit4ClassRunner$1.evaluate(BlockJUnit4ClassRunner.java:100)
	at org.junit.runners.ParentRunner.runLeaf(ParentRunner.java:366)
	at org.junit.runners.BlockJUnit4ClassRunner.runChild(BlockJUnit4ClassRunner.java:103)
	at org.junit.runners.BlockJUnit4ClassRunner.runChild(BlockJUnit4ClassRunner.java:63)
	at org.junit.runners.ParentRunner$4.run(ParentRunner.java:331)
	at org.junit.runners.ParentRunner$1.schedule(ParentRunner.java:79)
	at org.junit.runners.ParentRunner.runChildren(ParentRunner.java:329)
	at org.junit.runners.ParentRunner.access$100(ParentRunner.java:66)
	at org.junit.runners.ParentRunner$2.evaluate(ParentRunner.java:293)
	at org.junit.internal.runners.statements.RunBefores.evaluate(RunBefores.java:26)
	at org.junit.internal.runners.statements.RunAfters.evaluate(RunAfters.java:27)
	at org.junit.runners.ParentRunner$3.evaluate(ParentRunner.java:306)
	at org.junit.runners.ParentRunner.run(ParentRunner.java:413)
	at org.apache.maven.surefire.junit4.JUnit4Provider.execute(JUnit4Provider.java:316)
	at org.apache.maven.surefire.junit4.JUnit4Provider.executeWithRerun(JUnit4Provider.java:240)
	at org.apache.maven.surefire.junit4.JUnit4Provider.executeTestSet(JUnit4Provider.java:214)
	at org.apache.maven.surefire.junit4.JUnit4Provider.invoke(JUnit4Provider.java:155)
	at org.apache.maven.surefire.booter.ForkedBooter.runSuitesInProcess(ForkedBooter.java:385)
	at org.apache.maven.surefire.booter.ForkedBooter.execute(ForkedBooter.java:162)
	at org.apache.maven.surefire.booter.ForkedBooter.run(ForkedBooter.java:507)
	at org.apache.maven.surefire.booter.ForkedBooter.main(ForkedBooter.java:495)
]]></error>
    <system-out><![CDATA[Logado com sucesso!
Produtos desejados: [product_22979, product_22980, product_22981, product_22982, product_22983, product_22984, product_22985, product_22986, product_22987, product_22988, product_22989, product_22990, product_22991, product_22992, product_22993, product_22994, product_22995, product_22996, product_22997, product_22998, product_22999, product_23000, product_23001, product_23002, product_23003, product_23004, product_23005, product_23006, product_23007, product_23008, product_23009, product_23010, product_23011, product_23012, product_23013, product_23014, product_23015, product_23016, product_23017, product_23018, product_23019, product_23020, product_23021, product_23022, product_23023, product_23024, product_23025, product_23026, product_23027, product_23028, product_23029, product_23030, product_23031, product_23032, product_23033, product_23034, product_23035, product_23036, product_23037, product_23038, product_23039, product_23040, product_23041, product_23042, product_23043, product_23044, product_23045, product_23046, product_23047, product_23048, product_23049, product_23050, product_23051, product_23052, product_23053, product_23054, product_23055, product_23056, product_23057, product_23058, product_23059, product_23060, product_23061, product_23062, product_23063, product_23064, product_23065, product_23066, product_23067, product_23068, product_23069, product_23070, product_23071, product_23072, product_23073, product_23074, product_23075, product_23076, product_23077, product_23078, product_23079, product_23080, product_23081, product_23082, product_23083, product_23084, product_23085, product_23086, product_23087, product_23088, product_23089, product_23090, product_23091, product_23092, product_23093, product_23094, product_23095, product_23096, product_23097, product_23098, product_23099, product_23100, product_23101, product_23102, product_23103, product_23104, product_23105, product_23106, product_23107, product_23108, product_23109, product_23110, product_23111, product_23112, product_23113, product_23114, product_23115, product_23116, product_23117, product_23118, product_23119, product_23120, product_23121, product_23122, product_23123, product_23124, product_23125, product_23126, product_23127, product_23128, product_23129, product_23130, product_23131, product_23132, product_23133, product_23134, product_23135, product_23136, product_23137, product_23138, product_23139, product_23140, product_23141, product_23142, product_23143, product_23144, product_23145, product_23146, product_23147, product_23148, product_23149, product_23150, product_23151, product_23152, product_23153, product_23154, product_23155, product_23156, product_23157, product_23158, product_23159, product_23160, product_23161, product_23162, product_23163, product_23164, product_23165, product_23166, product_23167, product_23168, product_23169, product_23170, product_23171, product_23172, product_23173, product_23174, product_23175, product_23176, product_23177, product_23178, product_23179, product_23180, product_23181, product_23182, product_23183, product_23184, product_23185, product_23186, product_23187, product_23188, product_23189, product_23190, product_23191, product_23192, product_23193, product_23194, product_23195, product_23196, product_23197, product_23198, product_23199, product_23200, product_23201, product_23202, product_23203, product_23204, product_23205, product_23206, product_23207, product_23208, product_23209, product_23210, product_23211, product_23212, product_23213, product_23214, product_23215, product_23216, product_23217, product_23218, product_23219, product_23220, product_23221, product_23222, product_23223, product_23224, product_23225, product_23226, product_23227, product_23228, product_23229, product_23230, product_23231, product_23232, product_23233, product_23234, product_23235, product_23236, product_23237, product_23238, product_23239, product_23240, product_23241, product_23242, product_23243, product_23244, product_23245, product_23246, product_23247, product_23248, product_23249, product_23250, product_23251, product_23252, product_23253, product_23254, product_23255, product_23256, product_23257, product_23258, product_23259, product_23260, product_23261, product_23262, product_23263, product_23264, product_23265, product_23266, product_23267, product_23268, product_23269, product_23270, product_23271, product_23272, product_23273, product_23274, product_23275, product_23276, product_23277, product_23278, product_23279, product_23281, product_23282, product_23283, product_23284, product_23285, product_23286, product_23287, product_23288, product_23289, product_23290, product_23291, product_23292, product_23293, product_23294, product_23295, product_23296, product_23297, product_23298, product_23299, product_23300, product_23301, product_23302, product_23303, product_23304, product_23305, product_23306, product_23307, product_23308, product_23309, product_23310, product_23311, product_23312, product_23313, product_23314, product_23315, product_23316, product_23317, product_23318, product_23319, product_23320, product_23321, product_23322, product_23323, product_23324, product_23325, product_23326, product_23327, product_23328, product_23329, product_23330, product_23331, product_23332, product_23333, product_23334, product_23335, product_23336, product_23337, product_23338, product_23339, product_23340, product_23341, product_23342, product_23343, product_23344, product_23345, product_23346, product_23347, product_23348, product_23349, product_23350, product_23351, product_23352, product_23353, product_23354, product_23355, product_23356, product_23357, product_23358, product_23359, product_23360, product_23361, product_23362, product_23363, product_23364, product_23365, product_23366, product_23367, product_23368, product_23369, product_23370, product_23371, product_23372, product_23373, product_23374, product_23375, product_23376, product_23377, product_23378, product_23379, product_23380, product_23381, product_23382, product_23383, product_23384, product_23385, product_23386, product_23387, product_23388, product_23389, product_23390, product_23391, product_23392, product_23393, product_23394, product_23395, product_23396, product_23397, product_23398, product_23399, product_23400, product_23401, product_23402, product_23403, product_23404, product_23405, product_23406, product_23407, product_23408, product_23409, product_23410, product_23411, product_23412, product_23413, product_23414, product_23415, product_23416, product_23417, product_23418, product_23419, product_23420, product_23421, product_23422, product_23423, product_23424, product_23425, product_23426, product_23427, product_23428, product_23429, product_23430, product_23431, product_23432, product_23433, product_23434, product_23435, product_23436, product_23437, product_23438, product_23439, product_23440, product_23441, product_23442, product_23443, product_23444, product_23445, product_23446, product_23447, product_23448, product_23449, product_23450, product_23451, product_23452, product_23453, product_23454, product_23455, product_23456, product_23457, product_23458, product_23459, product_23460, product_23461, product_23462, product_23463, product_23464, product_23465, product_23466, product_23467, product_23468, product_23469, product_23470, product_23471, product_23472, product_23473, product_23474, product_23475, product_23476, product_23477, product_23478, product_23479, product_23480, product_23481, product_23482, product_23483, product_23484, product_23485, product_23486, product_23487, product_23488, product_23489, product_23490, product_23491, product_23492, product_23493, product_23494, product_23495, product_23496, product_23497, product_23498, product_23499, product_23500, product_23501, product_23502, product_23503, product_23504, product_23505, product_23506, product_23507, product_23508, product_23509, product_23510, product_23511, product_23512, product_23513, product_23514, product_23515, product_23516, product_23517, product_23518, product_23519, product_23520, product_23521, product_23522, product_23523, product_23524, product_23525, product_23526, product_23527, product_23528, product_23529, product_23530, product_23531, product_23532, product_23533, product_23534, product_23535, product_23536, product_23537, product_23538, product_23539, product_23540, product_23541, product_23542, product_23543, product_23544, product_23545, product_23546, product_23547, product_23548, product_23549, product_23550, product_23551, product_23552, product_23553, product_23554, product_23555, product_23556, product_23557, product_23558, product_23559, product_23560, product_23561, product_23562, product_23563, product_23564, product_23565, product_23566, product_23567, product_23568, product_23569, product_23570, product_23571, product_23572, product_23573, product_23574, product_23575, product_23576, product_23577, product_23578, product_23579, product_23580, product_23581, product_23582, product_23583, product_23584, product_23585, product_23586, product_23587, product_23588, product_23589, product_23590, product_23591, product_23592, product_23593, product_23594, product_23595, product_23596, product_23597, product_23598, product_23599, product_23600, product_23601, product_23602, product_23603, product_23604, product_23605, product_23606, product_23607, product_23608, product_23609, product_23610, product_23611, product_23612, product_23613, product_23614, product_23615, product_23616, product_23617, product_23618, product_23619, product_23620, product_23621, product_23622, product_23623, product_23624, product_23625, product_23626, product_23627, product_23628, product_23629, product_23630, product_23631, product_23632, product_23633, product_23634, product_23635, product_23636, product_23637, product_23638, product_23639, product_23640, product_23641, product_23642, product_23643, product_23644, product_23645, product_23646, product_23647, product_23648, product_23649, product_23650, product_23651, product_23652, product_23653, product_23654, product_23655, product_23656, product_23657, product_23658, product_23659, product_23660, product_23661, product_23662, product_23663, product_23664, product_23665, product_23666, product_23667, product_23668, product_23669, product_23670, product_23671, product_23672, product_23673, product_23674, product_23675, product_23676, product_23677, product_23678, product_23679, product_23680, product_23681, product_23682, product_23683, product_23684, product_23685, product_23686, product_23687, product_23688, product_23689, product_23690, product_23691, product_23692, product_23693, product_23694, product_23695, product_23696, product_23697, product_23698, product_23699, product_23700, product_23701, product_23702, product_23703, product_23704, product_23705, product_23706, product_23707, product_23708, product_23709, product_23710, product_23711, product_23712, product_23713, product_23714, product_23715, product_23716, product_23717, product_23718, product_23719, product_23720, product_23721, product_23722, product_23723, product_23724, product_23725, product_23726, product_23727, product_23728, product_23729, product_23730, product_23731, product_23732, product_23733, product_23734, product_23735, product_23736, product_23737, product_23738, product_23739, product_23740, product_23741, product_23742, product_23743, product_23744, product_23745, product_23746, product_23747, product_23748, product_23749, product_23750, product_23751, product_23752, product_23753, product_23754, product_23755, product_23756, product_23757, product_23758, product_23759, product_23760, product_23761, product_23762, product_23763, product_23764, product_23765, product_23766, product_23767, product_23768, product_23769, product_23770, product_23771, product_23772, product_23773, product_23774, product_23775, product_23776, product_23777, product_23778, product_23779, product_23780, product_23781, product_23782, product_23783, product_23784, product_23785, product_23786, product_23787, product_23788, product_23789, product_23790, product_23791, product_23792, product_23793, product_23794, product_23795, product_23796, product_23797, product_23798, product_23799, product_23800, product_23801, product_23802, product_23803, product_23804, product_23805, product_23806, product_23807, product_23808, product_23809, product_23810, product_23811, product_23812, product_23813, product_23814, product_23815, product_23816, product_23817, product_23818, product_23819, product_23820, product_23821, product_23822, product_23823, product_23824, product_23825, product_23826, product_23827, product_23828, product_23829, product_23830, product_23831, product_23832, product_23833, product_23834, product_23835, product_23836, product_23837, product_23838, product_23839, product_23840, product_23841, product_23842, product_23843, product_23844, product_23845, product_23846, product_23847, product_23848, product_23849, product_23850, product_23851, product_23852, product_23853, product_23854, product_23855, product_23856, product_23857, product_23858, product_23859, product_23860, product_23861, product_23862, product_23863, product_23864, product_23865, product_23866, product_23867, product_23868, product_23869, product_23870, product_23871, product_23872, product_23873, product_23874, product_23875, product_23876, product_23877, product_23878, product_23879, product_23880, product_23881, product_23882, product_23883, product_23884, product_23885, product_23886, product_23887, product_23888, product_23889, product_23890, product_23891, product_23892, product_23893, product_23894, product_23895, product_23896, product_23897, product_23898, product_23899, product_23900]
atualizando...
atualizando...
atualizando...
atualizando...
atualizando...
atualizando...
atualizando...
atualizando...
atualizando...
atualizando...
atualizando...
atualizando...
atualizando...
atualizando...
atualizando...
atualizando...
atualizando...
atualizando...
atualizando...
atualizando...
atualizando...
atualizando...
atualizando...
atualizando...
atualizando...
atualizando...
atualizando...
atualizando...
atualizando...
atualizando...
]]></system-out>
  </testcase>
</testsuite>